-------------------------------------------------------------------------------
Test set: model.SudokuFieldTest
-------------------------------------------------------------------------------
Tests run: 4, Failures: 1, Errors: 0, Skipped: 0, Time elapsed: 0.016 s <<< FAILURE! - in model.SudokuFieldTest
checkCompareTo  Time elapsed: 0 s  <<< FAILURE!
org.opentest4j.AssertionFailedError: expected: <-1> but was: <1>
	at model.SudokuFieldTest.checkCompareTo(SudokuFieldTest.java:49)

